mode: set
github.com/absfs/lockfs/lockfile.go:35.75,36.16 1 1
github.com/absfs/lockfs/lockfile.go:36.16,38.3 1 0
github.com/absfs/lockfs/lockfile.go:39.2,39.41 1 1
github.com/absfs/lockfs/lockfile.go:44.30,46.2 1 1
github.com/absfs/lockfs/lockfile.go:50.44,56.2 5 1
github.com/absfs/lockfs/lockfile.go:60.63,66.2 5 1
github.com/absfs/lockfs/lockfile.go:70.45,76.2 5 1
github.com/absfs/lockfs/lockfile.go:80.64,86.2 5 0
github.com/absfs/lockfs/lockfile.go:90.30,94.2 3 1
github.com/absfs/lockfs/lockfile.go:98.70,104.2 5 1
github.com/absfs/lockfs/lockfile.go:108.44,114.2 5 1
github.com/absfs/lockfs/lockfile.go:118.29,124.2 5 0
github.com/absfs/lockfs/lockfile.go:128.54,134.2 5 0
github.com/absfs/lockfs/lockfile.go:138.54,144.2 5 1
github.com/absfs/lockfs/lockfile.go:148.43,154.2 5 0
github.com/absfs/lockfs/lockfile.go:158.57,164.2 5 0
github.com/absfs/lockfs/lockfs.go:20.27,20.42 1 0
github.com/absfs/lockfs/lockfs.go:21.27,21.44 1 0
github.com/absfs/lockfs/lockfs.go:22.27,22.41 1 0
github.com/absfs/lockfs/lockfs.go:23.27,23.43 1 0
github.com/absfs/lockfs/lockfs.go:26.50,28.2 1 1
github.com/absfs/lockfs/lockfs.go:32.87,37.2 4 1
github.com/absfs/lockfs/lockfs.go:41.60,45.2 3 1
github.com/absfs/lockfs/lockfs.go:49.43,53.2 3 1
github.com/absfs/lockfs/lockfs.go:56.55,60.2 3 1
github.com/absfs/lockfs/lockfs.go:64.56,68.2 3 1
github.com/absfs/lockfs/lockfs.go:71.60,75.2 3 0
github.com/absfs/lockfs/lockfs.go:78.78,82.2 3 0
github.com/absfs/lockfs/lockfs.go:85.56,89.2 3 0
github.com/absfs/lockfs/lockfs.go:101.32,101.47 1 1
github.com/absfs/lockfs/lockfs.go:102.32,102.49 1 1
github.com/absfs/lockfs/lockfs.go:103.32,103.46 1 0
github.com/absfs/lockfs/lockfs.go:104.32,104.48 1 0
github.com/absfs/lockfs/lockfs.go:107.54,109.2 1 1
github.com/absfs/lockfs/lockfs.go:113.92,118.2 4 0
github.com/absfs/lockfs/lockfs.go:122.65,126.2 3 1
github.com/absfs/lockfs/lockfs.go:130.48,134.2 3 1
github.com/absfs/lockfs/lockfs.go:137.60,141.2 3 1
github.com/absfs/lockfs/lockfs.go:145.61,149.2 3 1
github.com/absfs/lockfs/lockfs.go:152.65,156.2 3 0
github.com/absfs/lockfs/lockfs.go:159.83,163.2 3 0
github.com/absfs/lockfs/lockfs.go:166.61,170.2 3 0
github.com/absfs/lockfs/lockfs.go:173.40,175.2 1 0
github.com/absfs/lockfs/lockfs.go:178.44,180.2 1 0
github.com/absfs/lockfs/lockfs.go:183.46,187.2 3 0
github.com/absfs/lockfs/lockfs.go:190.54,194.2 3 0
github.com/absfs/lockfs/lockfs.go:197.39,199.2 1 1
github.com/absfs/lockfs/lockfs.go:203.60,208.2 4 1
github.com/absfs/lockfs/lockfs.go:212.62,217.2 4 1
github.com/absfs/lockfs/lockfs.go:220.68,224.2 3 1
github.com/absfs/lockfs/lockfs.go:227.57,231.2 3 1
github.com/absfs/lockfs/lockfs.go:234.62,238.2 3 0
github.com/absfs/lockfs/lockfs.go:250.39,250.54 1 0
github.com/absfs/lockfs/lockfs.go:251.39,251.56 1 0
github.com/absfs/lockfs/lockfs.go:252.39,252.53 1 0
github.com/absfs/lockfs/lockfs.go:253.39,253.55 1 0
github.com/absfs/lockfs/lockfs.go:256.75,258.2 1 0
github.com/absfs/lockfs/lockfs.go:262.99,267.2 4 0
github.com/absfs/lockfs/lockfs.go:271.72,275.2 3 0
github.com/absfs/lockfs/lockfs.go:279.55,283.2 3 0
github.com/absfs/lockfs/lockfs.go:286.67,290.2 3 0
github.com/absfs/lockfs/lockfs.go:294.68,298.2 3 0
github.com/absfs/lockfs/lockfs.go:301.72,305.2 3 0
github.com/absfs/lockfs/lockfs.go:308.90,312.2 3 0
github.com/absfs/lockfs/lockfs.go:315.68,319.2 3 0
github.com/absfs/lockfs/lockfs.go:322.47,324.2 1 0
github.com/absfs/lockfs/lockfs.go:327.51,329.2 1 0
github.com/absfs/lockfs/lockfs.go:332.53,336.2 3 0
github.com/absfs/lockfs/lockfs.go:339.61,343.2 3 0
github.com/absfs/lockfs/lockfs.go:346.46,348.2 1 0
github.com/absfs/lockfs/lockfs.go:352.67,357.2 4 0
github.com/absfs/lockfs/lockfs.go:361.69,366.2 4 0
github.com/absfs/lockfs/lockfs.go:369.75,373.2 3 0
github.com/absfs/lockfs/lockfs.go:376.64,380.2 3 0
github.com/absfs/lockfs/lockfs.go:383.69,387.2 3 0
github.com/absfs/lockfs/lockfs.go:392.69,396.2 3 0
github.com/absfs/lockfs/lockfs.go:404.69,408.2 3 0
github.com/absfs/lockfs/lockfs.go:412.67,416.2 3 0
github.com/absfs/lockfs/lockfs.go:420.68,424.2 3 0
