mode: set
github.com/absfs/lockfs/lockfile.go:36.75,37.16 1 1
github.com/absfs/lockfs/lockfile.go:37.16,39.3 1 1
github.com/absfs/lockfs/lockfile.go:40.2,40.41 1 1
github.com/absfs/lockfs/lockfile.go:45.30,47.2 1 1
github.com/absfs/lockfs/lockfile.go:51.44,57.2 5 1
github.com/absfs/lockfs/lockfile.go:61.63,67.2 5 1
github.com/absfs/lockfs/lockfile.go:71.45,77.2 5 1
github.com/absfs/lockfs/lockfile.go:81.64,87.2 5 1
github.com/absfs/lockfs/lockfile.go:91.30,95.2 3 1
github.com/absfs/lockfs/lockfile.go:99.70,105.2 5 1
github.com/absfs/lockfs/lockfile.go:109.44,115.2 5 1
github.com/absfs/lockfs/lockfile.go:119.29,125.2 5 1
github.com/absfs/lockfs/lockfile.go:129.54,135.2 5 1
github.com/absfs/lockfs/lockfile.go:139.54,145.2 5 1
github.com/absfs/lockfs/lockfile.go:149.43,155.2 5 1
github.com/absfs/lockfs/lockfile.go:159.57,165.2 5 1
github.com/absfs/lockfs/lockfile.go:172.54,178.2 5 1
github.com/absfs/lockfs/lockfs.go:21.27,21.42 1 1
github.com/absfs/lockfs/lockfs.go:22.27,22.44 1 1
github.com/absfs/lockfs/lockfs.go:23.27,23.41 1 1
github.com/absfs/lockfs/lockfs.go:24.27,24.43 1 1
github.com/absfs/lockfs/lockfs.go:27.50,29.2 1 1
github.com/absfs/lockfs/lockfs.go:33.87,38.2 4 1
github.com/absfs/lockfs/lockfs.go:42.60,46.2 3 1
github.com/absfs/lockfs/lockfs.go:50.43,54.2 3 1
github.com/absfs/lockfs/lockfs.go:57.55,61.2 3 1
github.com/absfs/lockfs/lockfs.go:65.56,69.2 3 1
github.com/absfs/lockfs/lockfs.go:72.60,76.2 3 1
github.com/absfs/lockfs/lockfs.go:79.78,83.2 3 1
github.com/absfs/lockfs/lockfs.go:86.56,90.2 3 1
github.com/absfs/lockfs/lockfs.go:93.61,97.2 3 1
github.com/absfs/lockfs/lockfs.go:100.55,104.2 3 1
github.com/absfs/lockfs/lockfs.go:107.48,111.2 3 1
github.com/absfs/lockfs/lockfs.go:123.32,123.47 1 1
github.com/absfs/lockfs/lockfs.go:124.32,124.49 1 1
github.com/absfs/lockfs/lockfs.go:125.32,125.46 1 1
github.com/absfs/lockfs/lockfs.go:126.32,126.48 1 1
github.com/absfs/lockfs/lockfs.go:129.54,131.2 1 1
github.com/absfs/lockfs/lockfs.go:135.92,140.2 4 1
github.com/absfs/lockfs/lockfs.go:144.65,148.2 3 1
github.com/absfs/lockfs/lockfs.go:152.48,156.2 3 1
github.com/absfs/lockfs/lockfs.go:159.60,163.2 3 1
github.com/absfs/lockfs/lockfs.go:167.61,171.2 3 1
github.com/absfs/lockfs/lockfs.go:174.65,178.2 3 1
github.com/absfs/lockfs/lockfs.go:181.83,185.2 3 1
github.com/absfs/lockfs/lockfs.go:188.61,192.2 3 1
github.com/absfs/lockfs/lockfs.go:195.46,199.2 3 1
github.com/absfs/lockfs/lockfs.go:202.54,206.2 3 1
github.com/absfs/lockfs/lockfs.go:209.39,211.2 1 1
github.com/absfs/lockfs/lockfs.go:215.60,220.2 4 1
github.com/absfs/lockfs/lockfs.go:224.62,229.2 4 1
github.com/absfs/lockfs/lockfs.go:232.68,236.2 3 1
github.com/absfs/lockfs/lockfs.go:239.57,243.2 3 1
github.com/absfs/lockfs/lockfs.go:246.62,250.2 3 1
github.com/absfs/lockfs/lockfs.go:253.66,257.2 3 1
github.com/absfs/lockfs/lockfs.go:260.60,264.2 3 1
github.com/absfs/lockfs/lockfs.go:267.53,271.2 3 1
github.com/absfs/lockfs/lockfs.go:283.39,283.54 1 1
github.com/absfs/lockfs/lockfs.go:284.39,284.56 1 1
github.com/absfs/lockfs/lockfs.go:285.39,285.53 1 1
github.com/absfs/lockfs/lockfs.go:286.39,286.55 1 1
github.com/absfs/lockfs/lockfs.go:289.75,291.2 1 1
github.com/absfs/lockfs/lockfs.go:295.99,300.2 4 1
github.com/absfs/lockfs/lockfs.go:304.72,308.2 3 1
github.com/absfs/lockfs/lockfs.go:312.55,316.2 3 1
github.com/absfs/lockfs/lockfs.go:319.67,323.2 3 1
github.com/absfs/lockfs/lockfs.go:327.68,331.2 3 1
github.com/absfs/lockfs/lockfs.go:334.72,338.2 3 1
github.com/absfs/lockfs/lockfs.go:341.90,345.2 3 1
github.com/absfs/lockfs/lockfs.go:348.68,352.2 3 0
github.com/absfs/lockfs/lockfs.go:355.53,359.2 3 0
github.com/absfs/lockfs/lockfs.go:362.61,366.2 3 0
github.com/absfs/lockfs/lockfs.go:369.46,371.2 1 1
github.com/absfs/lockfs/lockfs.go:375.67,380.2 4 1
github.com/absfs/lockfs/lockfs.go:384.69,389.2 4 1
github.com/absfs/lockfs/lockfs.go:392.75,396.2 3 1
github.com/absfs/lockfs/lockfs.go:399.64,403.2 3 1
github.com/absfs/lockfs/lockfs.go:406.69,410.2 3 1
github.com/absfs/lockfs/lockfs.go:413.73,417.2 3 1
github.com/absfs/lockfs/lockfs.go:420.67,424.2 3 1
github.com/absfs/lockfs/lockfs.go:427.60,431.2 3 1
github.com/absfs/lockfs/lockfs.go:436.69,440.2 3 1
github.com/absfs/lockfs/lockfs.go:448.69,452.2 3 0
github.com/absfs/lockfs/lockfs.go:456.67,460.2 3 1
github.com/absfs/lockfs/lockfs.go:464.68,468.2 3 1
